# JRE version: Java(TM) SE Runtime Environment (8.0_91-b14) (build 1.8.0_91-b14)
# Java VM: Java HotSpot(TM) 64-Bit Server VM (25.91-b14 mixed mode linux-amd64 compressed oops)
Heap:
 PSYoungGen      total 37376K, used 24569K [0x00000000d7380000, 0x00000000d9e80000, 0x0000000100000000)
  eden space 36864K, 66% used [0x00000000d7380000,0x00000000d8b76678,0x00000000d9780000)
  from space 512K, 6% used [0x00000000d9e00000,0x00000000d9e08000,0x00000000d9e80000)
  to   space 1024K, 0% used [0x00000000d9c80000,0x00000000d9c80000,0x00000000d9d80000)
 ParOldGen       total 59904K, used 9784K [0x0000000085a00000, 0x0000000089480000, 0x00000000d7380000)
  object space 59904K, 16% used [0x0000000085a00000,0x000000008638e0f8,0x0000000089480000)
 Metaspace       used 29145K, capacity 29558K, committed 29824K, reserved 1075200K
  class space    used 3034K, capacity 3148K, committed 3200K, reserved 1048576K
GC Heap History (10 events):
Event: 306,806 GC heap before
{Heap before GC invocations=55 (full 1):
 PSYoungGen      total 40960K, used 39520K [0x00000000d7380000, 0x00000000da000000, 0x0000000100000000)
  eden space 39424K, 100% used [0x00000000d7380000,0x00000000d9a00000,0x00000000d9a00000)
  from space 1536K, 6% used [0x00000000d9d00000,0x00000000d9d18000,0x00000000d9e80000)
  to   space 1024K, 0% used [0x00000000d9f00000,0x00000000d9f00000,0x00000000da000000)
 ParOldGen       total 59904K, used 9784K [0x0000000085a00000, 0x0000000089480000, 0x00000000d7380000)
  object space 59904K, 16% used [0x0000000085a00000,0x000000008638e0f8,0x0000000089480000)
 Metaspace       used 29103K, capacity 29398K, committed 29824K, reserved 1075200K
  class space    used 3032K, capacity 3116K, committed 3200K, reserved 1048576K
Event: 306,810 GC heap after
Heap after GC invocations=55 (full 1):
 PSYoungGen      total 39424K, used 64K [0x00000000d7380000, 0x00000000d9f80000, 0x0000000100000000)
  eden space 38912K, 0% used [0x00000000d7380000,0x00000000d7380000,0x00000000d9980000)
  from space 512K, 12% used [0x00000000d9f00000,0x00000000d9f10000,0x00000000d9f80000)
  to   space 1024K, 0% used [0x00000000d9d80000,0x00000000d9d80000,0x00000000d9e80000)
 ParOldGen       total 59904K, used 9784K [0x0000000085a00000, 0x0000000089480000, 0x00000000d7380000)
  object space 59904K, 16% used [0x0000000085a00000,0x000000008638e0f8,0x0000000089480000)
 Metaspace       used 29103K, capacity 29398K, committed 29824K, reserved 1075200K
  class space    used 3032K, capacity 3116K, committed 3200K, reserved 1048576K
}
Event: 310,452 GC heap before
{Heap before GC invocations=56 (full 1):
 PSYoungGen      total 39424K, used 38976K [0x00000000d7380000, 0x00000000d9f80000, 0x0000000100000000)
  eden space 38912K, 100% used [0x00000000d7380000,0x00000000d9980000,0x00000000d9980000)
  from space 512K, 12% used [0x00000000d9f00000,0x00000000d9f10000,0x00000000d9f80000)
  to   space 1024K, 0% used [0x00000000d9d80000,0x00000000d9d80000,0x00000000d9e80000)
 ParOldGen       total 59904K, used 9784K [0x0000000085a00000, 0x0000000089480000, 0x00000000d7380000)
  object space 59904K, 16% used [0x0000000085a00000,0x000000008638e0f8,0x0000000089480000)
 Metaspace       used 29103K, capacity 29398K, committed 29824K, reserved 1075200K
  class space    used 3032K, capacity 3116K, committed 3200K, reserved 1048576K
Event: 310,454 GC heap after
Heap after GC invocations=56 (full 1):
 PSYoungGen      total 39424K, used 128K [0x00000000d7380000, 0x00000000d9f80000, 0x0000000100000000)
  eden space 38400K, 0% used [0x00000000d7380000,0x00000000d7380000,0x00000000d9900000)
  from space 1024K, 12% used [0x00000000d9d80000,0x00000000d9da0000,0x00000000d9e80000)
  to   space 1024K, 0% used [0x00000000d9e80000,0x00000000d9e80000,0x00000000d9f80000)
 ParOldGen       total 59904K, used 9784K [0x0000000085a00000, 0x0000000089480000, 0x00000000d7380000)
  object space 59904K, 16% used [0x0000000085a00000,0x000000008638e0f8,0x0000000089480000)
 Metaspace       used 29103K, capacity 29398K, committed 29824K, reserved 1075200K
  class space    used 3032K, capacity 3116K, committed 3200K, reserved 1048576K
}
Event: 314,088 GC heap before
{Heap before GC invocations=57 (full 1):
 PSYoungGen      total 39424K, used 38528K [0x00000000d7380000, 0x00000000d9f80000, 0x0000000100000000)
  eden space 38400K, 100% used [0x00000000d7380000,0x00000000d9900000,0x00000000d9900000)
  from space 1024K, 12% used [0x00000000d9d80000,0x00000000d9da0000,0x00000000d9e80000)
  to   space 1024K, 0% used [0x00000000d9e80000,0x00000000d9e80000,0x00000000d9f80000)
 ParOldGen       total 59904K, used 9784K [0x0000000085a00000, 0x0000000089480000, 0x00000000d7380000)
  object space 59904K, 16% used [0x0000000085a00000,0x000000008638e0f8,0x0000000089480000)
 Metaspace       used 29103K, capacity 29398K, committed 29824K, reserved 1075200K
  class space    used 3032K, capacity 3116K, committed 3200K, reserved 1048576K
Event: 314,090 GC heap after
Heap after GC invocations=57 (full 1):
 PSYoungGen      total 38400K, used 128K [0x00000000d7380000, 0x00000000d9f00000, 0x0000000100000000)
  eden space 37888K, 0% used [0x00000000d7380000,0x00000000d7380000,0x00000000d9880000)
  from space 512K, 25% used [0x00000000d9e80000,0x00000000d9ea0000,0x00000000d9f00000)
  to   space 1024K, 0% used [0x00000000d9d00000,0x00000000d9d00000,0x00000000d9e00000)
 ParOldGen       total 59904K, used 9784K [0x0000000085a00000, 0x0000000089480000, 0x00000000d7380000)
  object space 59904K, 16% used [0x0000000085a00000,0x000000008638e0f8,0x0000000089480000)
 Metaspace       used 29103K, capacity 29398K, committed 29824K, reserved 1075200K
  class space    used 3032K, capacity 3116K, committed 3200K, reserved 1048576K
}
Event: 317,687 GC heap before
{Heap before GC invocations=58 (full 1):
 PSYoungGen      total 38400K, used 38016K [0x00000000d7380000, 0x00000000d9f00000, 0x0000000100000000)
  eden space 37888K, 100% used [0x00000000d7380000,0x00000000d9880000,0x00000000d9880000)
  from space 512K, 25% used [0x00000000d9e80000,0x00000000d9ea0000,0x00000000d9f00000)
  to   space 1024K, 0% used [0x00000000d9d00000,0x00000000d9d00000,0x00000000d9e00000)
 ParOldGen       total 59904K, used 9784K [0x0000000085a00000, 0x0000000089480000, 0x00000000d7380000)
  object space 59904K, 16% used [0x0000000085a00000,0x000000008638e0f8,0x0000000089480000)
 Metaspace       used 29103K, capacity 29398K, committed 29824K, reserved 1075200K
  class space    used 3032K, capacity 3116K, committed 3200K, reserved 1048576K
Event: 317,690 GC heap after
Heap after GC invocations=58 (full 1):
 PSYoungGen      total 38400K, used 64K [0x00000000d7380000, 0x00000000d9f00000, 0x0000000100000000)
  eden space 37376K, 0% used [0x00000000d7380000,0x00000000d7380000,0x00000000d9800000)
  from space 1024K, 6% used [0x00000000d9d00000,0x00000000d9d10000,0x00000000d9e00000)
  to   space 1024K, 0% used [0x00000000d9e00000,0x00000000d9e00000,0x00000000d9f00000)
 ParOldGen       total 59904K, used 9784K [0x0000000085a00000, 0x0000000089480000, 0x00000000d7380000)
  object space 59904K, 16% used [0x0000000085a00000,0x000000008638e0f8,0x0000000089480000)
 Metaspace       used 29103K, capacity 29398K, committed 29824K, reserved 1075200K
  class space    used 3032K, capacity 3116K, committed 3200K, reserved 1048576K
}
Event: 321,192 GC heap before
{Heap before GC invocations=59 (full 1):
 PSYoungGen      total 38400K, used 37440K [0x00000000d7380000, 0x00000000d9f00000, 0x0000000100000000)
  eden space 37376K, 100% used [0x00000000d7380000,0x00000000d9800000,0x00000000d9800000)
  from space 1024K, 6% used [0x00000000d9d00000,0x00000000d9d10000,0x00000000d9e00000)
  to   space 1024K, 0% used [0x00000000d9e00000,0x00000000d9e00000,0x00000000d9f00000)
 ParOldGen       total 59904K, used 9784K [0x0000000085a00000, 0x0000000089480000, 0x00000000d7380000)
  object space 59904K, 16% used [0x0000000085a00000,0x000000008638e0f8,0x0000000089480000)
 Metaspace       used 29104K, capacity 29398K, committed 29824K, reserved 1075200K
  class space    used 3032K, capacity 3116K, committed 3200K, reserved 1048576K
Event: 321,196 GC heap after
Heap after GC invocations=59 (full 1):
 PSYoungGen      total 37376K, used 32K [0x00000000d7380000, 0x00000000d9e80000, 0x0000000100000000)
  eden space 36864K, 0% used [0x00000000d7380000,0x00000000d7380000,0x00000000d9780000)
  from space 512K, 6% used [0x00000000d9e00000,0x00000000d9e08000,0x00000000d9e80000)
  to   space 1024K, 0% used [0x00000000d9c80000,0x00000000d9c80000,0x00000000d9d80000)
 ParOldGen       total 59904K, used 9784K [0x0000000085a00000, 0x0000000089480000, 0x00000000d7380000)
  object space 59904K, 16% used [0x0000000085a00000,0x000000008638e0f8,0x0000000089480000)
 Metaspace       used 29104K, capacity 29398K, committed 29824K, reserved 1075200K
  class space    used 3032K, capacity 3116K, committed 3200K, reserved 1048576K
}

